<?xml version="1.0" encoding="UTF-8"?>
<testsuite xmlns:xsi="http://www.w3.org/2001/XMLSchema-instance" xsi:noNamespaceSchemaLocation="https://maven.apache.org/surefire/maven-surefire-plugin/xsd/surefire-test-report-3.0.xsd" version="3.0" name="inf112.ResourcesTest.ScreenTest" time="0.01" tests="4" errors="0" skipped="0" failures="0">
  <properties>
[...]
</properties>
  <testcase name="helpScreenTest" classname="inf112.ResourcesTest.ScreenTest" time="0.001"/>
  <testcase name="gameOverTest" classname="inf112.ResourcesTest.ScreenTest" time="0.002"/>
  <testcase name="aboutScreenTest" classname="inf112.ResourcesTest.ScreenTest" time="0.001"/>
  <testcase name="startScreenTest" classname="inf112.ResourcesTest.ScreenTest" time="0.002"/>
</testsuite>